-- Logs begin at Fri 2023-11-24 14:03:47 +07, end at Sat 2023-12-23 20:31:27 +07. --
Nov 24 15:53:14 horizon-len systemd[1]: postgresql.service: Succeeded.
Nov 24 15:53:14 horizon-len systemd[1]: Stopped PostgreSQL RDBMS.
-- Reboot --
Nov 24 15:55:27 horizon-len systemd[1]: Starting PostgreSQL RDBMS...
Nov 24 15:55:27 horizon-len systemd[1]: Finished PostgreSQL RDBMS.
Nov 25 21:07:58 horizon-len systemd[1]: postgresql.service: Succeeded.
Nov 25 21:07:58 horizon-len systemd[1]: Stopped PostgreSQL RDBMS.
-- Reboot --
Nov 25 21:10:02 horizon-len systemd[1]: Starting PostgreSQL RDBMS...
Nov 25 21:10:02 horizon-len systemd[1]: Finished PostgreSQL RDBMS.
Nov 26 23:21:24 horizon-len systemd[1]: postgresql.service: Succeeded.
Nov 26 23:21:24 horizon-len systemd[1]: Stopped PostgreSQL RDBMS.
-- Reboot --
Nov 26 23:23:26 horizon-len systemd[1]: Starting PostgreSQL RDBMS...
Nov 26 23:23:26 horizon-len systemd[1]: Finished PostgreSQL RDBMS.
Nov 27 11:28:25 horizon-len systemd[1]: postgresql.service: Succeeded.
Nov 27 11:28:25 horizon-len systemd[1]: Stopped PostgreSQL RDBMS.
-- Reboot --
Nov 27 11:30:29 horizon-len systemd[1]: Starting PostgreSQL RDBMS...
Nov 27 11:30:29 horizon-len systemd[1]: Finished PostgreSQL RDBMS.
Nov 27 11:38:59 horizon-len systemd[1]: postgresql.service: Succeeded.
Nov 27 11:38:59 horizon-len systemd[1]: Stopped PostgreSQL RDBMS.
Nov 27 11:38:59 horizon-len systemd[1]: Stopping PostgreSQL RDBMS...
Nov 27 11:39:01 horizon-len systemd[1]: Starting PostgreSQL RDBMS...
Nov 27 11:39:01 horizon-len systemd[1]: Finished PostgreSQL RDBMS.
Nov 28 20:33:38 horizon-len systemd[1]: postgresql.service: Succeeded.
Nov 28 20:33:38 horizon-len systemd[1]: Stopped PostgreSQL RDBMS.
-- Reboot --
Nov 28 20:35:42 horizon-len systemd[1]: Starting PostgreSQL RDBMS...
Nov 28 20:35:42 horizon-len systemd[1]: Finished PostgreSQL RDBMS.
Dec 04 08:33:41 horizon-len systemd[1]: postgresql.service: Succeeded.
Dec 04 08:33:41 horizon-len systemd[1]: Stopped PostgreSQL RDBMS.
Dec 04 08:33:41 horizon-len systemd[1]: Stopping PostgreSQL RDBMS...
Dec 04 08:33:43 horizon-len systemd[1]: Starting PostgreSQL RDBMS...
Dec 04 08:33:43 horizon-len systemd[1]: Finished PostgreSQL RDBMS.
Dec 17 07:45:29 horizon-len systemd[1]: postgresql.service: Succeeded.
Dec 17 07:45:29 horizon-len systemd[1]: Stopped PostgreSQL RDBMS.
-- Reboot --
Dec 17 07:47:51 horizon-len systemd[1]: Starting PostgreSQL RDBMS...
Dec 17 07:47:51 horizon-len systemd[1]: Finished PostgreSQL RDBMS.
Dec 19 09:24:03 horizon-len systemd[1]: postgresql.service: Succeeded.
Dec 19 09:24:03 horizon-len systemd[1]: Stopped PostgreSQL RDBMS.
Dec 19 09:24:03 horizon-len systemd[1]: Stopping PostgreSQL RDBMS...
Dec 19 09:24:05 horizon-len systemd[1]: Starting PostgreSQL RDBMS...
Dec 19 09:24:05 horizon-len systemd[1]: Finished PostgreSQL RDBMS.
Dec 23 08:23:58 horizon-len systemd[1]: postgresql.service: Succeeded.
Dec 23 08:23:58 horizon-len systemd[1]: Stopped PostgreSQL RDBMS.
-- Reboot --
Dec 23 08:26:23 horizon-len systemd[1]: Starting PostgreSQL RDBMS...
Dec 23 08:26:23 horizon-len systemd[1]: Finished PostgreSQL RDBMS.
Dec 23 20:23:10 horizon-len systemd[1]: postgresql.service: Succeeded.
Dec 23 20:23:10 horizon-len systemd[1]: Stopped PostgreSQL RDBMS.
-- Reboot --
Dec 23 20:25:15 horizon-len systemd[1]: Starting PostgreSQL RDBMS...
Dec 23 20:25:15 horizon-len systemd[1]: Finished PostgreSQL RDBMS.
